#! /usr/bin/vvp
:ivl_version "10.3 (stable)";
:ivl_delay_selection "TYPICAL";
:vpi_time_precision + 0;
:vpi_module "system";
:vpi_module "vhdl_sys";
:vpi_module "v2005_math";
:vpi_module "va_math";
S_0x5604704d60e0 .scope module, "test" "test" 2 32;
 .timescale 0 0;
v0x5604705120e0_0 .var "a", 7 0;
v0x5604705121a0_0 .var "b", 7 0;
v0x560470512240_0 .net "s", 7 0, L_0x560470515cf0;  1 drivers
S_0x5604704eec20 .scope module, "adder8" "adder8" 2 38, 2 15 0, S_0x5604704d60e0;
 .timescale 0 0;
    .port_info 0 /INPUT 8 "a"
    .port_info 1 /INPUT 8 "b"
    .port_info 2 /OUTPUT 8 "sum"
v0x5604705116f0_0 .net "a", 7 0, v0x5604705120e0_0;  1 drivers
v0x5604705117f0_0 .net "b", 7 0, v0x5604705121a0_0;  1 drivers
v0x5604705118d0_0 .net "k0", 0 0, L_0x560470512700;  1 drivers
v0x560470511970_0 .net "k1", 0 0, L_0x560470512e90;  1 drivers
v0x560470511a60_0 .net "k2", 0 0, L_0x5604705135b0;  1 drivers
v0x560470511ba0_0 .net "k3", 0 0, L_0x560470513d80;  1 drivers
v0x560470511c90_0 .net "k4", 0 0, L_0x560470514470;  1 drivers
v0x560470511d80_0 .net "k5", 0 0, L_0x560470514b70;  1 drivers
v0x560470511e70_0 .net "k6", 0 0, L_0x5604705152d0;  1 drivers
v0x560470511fa0_0 .net "sum", 7 0, L_0x560470515cf0;  alias, 1 drivers
L_0x560470512850 .part v0x5604705120e0_0, 0, 1;
L_0x560470512980 .part v0x5604705121a0_0, 0, 1;
L_0x560470512fe0 .part v0x5604705120e0_0, 1, 1;
L_0x560470513110 .part v0x5604705121a0_0, 1, 1;
L_0x560470513700 .part v0x5604705120e0_0, 2, 1;
L_0x5604705138c0 .part v0x5604705121a0_0, 2, 1;
L_0x560470513e80 .part v0x5604705120e0_0, 3, 1;
L_0x560470513fb0 .part v0x5604705121a0_0, 3, 1;
L_0x5604705145c0 .part v0x5604705120e0_0, 4, 1;
L_0x5604705146f0 .part v0x5604705121a0_0, 4, 1;
L_0x560470514cc0 .part v0x5604705120e0_0, 5, 1;
L_0x560470514df0 .part v0x5604705121a0_0, 5, 1;
L_0x560470515420 .part v0x5604705120e0_0, 6, 1;
L_0x560470515550 .part v0x5604705121a0_0, 6, 1;
L_0x560470515a00 .part v0x5604705120e0_0, 7, 1;
L_0x560470515b30 .part v0x5604705121a0_0, 7, 1;
LS_0x560470515cf0_0_0 .concat8 [ 1 1 1 1], L_0x560470512350, L_0x560470512b20, L_0x5604705132e0, L_0x560470513b30;
LS_0x560470515cf0_0_4 .concat8 [ 1 1 1 1], L_0x5604705141a0, L_0x5604705148f0, L_0x560470515000, L_0x560470515670;
L_0x560470515cf0 .concat8 [ 4 4 0 0], LS_0x560470515cf0_0_0, LS_0x560470515cf0_0_4;
S_0x5604704ec7e0 .scope module, "adder0" "adder" 2 21, 2 2 0, S_0x5604704eec20;
 .timescale 0 0;
    .port_info 0 /INPUT 1 "a"
    .port_info 1 /INPUT 1 "b"
    .port_info 2 /INPUT 1 "carry_in"
    .port_info 3 /OUTPUT 1 "sum"
    .port_info 4 /OUTPUT 1 "carry_out"
L_0x5604705122e0 .functor XOR 1, L_0x560470512850, L_0x560470512980, C4<0>, C4<0>;
L_0x7fcd0e2af018 .functor BUFT 1, C4<0>, C4<0>, C4<0>, C4<0>;
L_0x560470512350 .functor XOR 1, L_0x5604705122e0, L_0x7fcd0e2af018, C4<0>, C4<0>;
L_0x560470512410 .functor AND 1, L_0x560470512850, L_0x560470512980, C4<1>, C4<1>;
L_0x560470512550 .functor XOR 1, L_0x560470512850, L_0x560470512980, C4<0>, C4<0>;
L_0x5604705125f0 .functor AND 1, L_0x560470512550, L_0x7fcd0e2af018, C4<1>, C4<1>;
L_0x560470512700 .functor OR 1, L_0x560470512410, L_0x5604705125f0, C4<0>, C4<0>;
v0x5604704ecbd0_0 .net *"_s0", 0 0, L_0x5604705122e0;  1 drivers
v0x5604704ea790_0 .net *"_s4", 0 0, L_0x560470512410;  1 drivers
v0x5604704df770_0 .net *"_s6", 0 0, L_0x560470512550;  1 drivers
v0x5604704dd330_0 .net *"_s8", 0 0, L_0x5604705125f0;  1 drivers
v0x5604704daef0_0 .net "a", 0 0, L_0x560470512850;  1 drivers
v0x5604704d8ab0_0 .net "b", 0 0, L_0x560470512980;  1 drivers
v0x5604704d6640_0 .net "carry_in", 0 0, L_0x7fcd0e2af018;  1 drivers
v0x56047050cba0_0 .net "carry_out", 0 0, L_0x560470512700;  alias, 1 drivers
v0x56047050cc60_0 .net "sum", 0 0, L_0x560470512350;  1 drivers
S_0x56047050cdc0 .scope module, "adder1" "adder" 2 22, 2 2 0, S_0x5604704eec20;
 .timescale 0 0;
    .port_info 0 /INPUT 1 "a"
    .port_info 1 /INPUT 1 "b"
    .port_info 2 /INPUT 1 "carry_in"
    .port_info 3 /OUTPUT 1 "sum"
    .port_info 4 /OUTPUT 1 "carry_out"
L_0x560470512ab0 .functor XOR 1, L_0x560470512fe0, L_0x560470513110, C4<0>, C4<0>;
L_0x560470512b20 .functor XOR 1, L_0x560470512ab0, L_0x560470512700, C4<0>, C4<0>;
L_0x560470512c70 .functor AND 1, L_0x560470512fe0, L_0x560470513110, C4<1>, C4<1>;
L_0x560470512d30 .functor XOR 1, L_0x560470512fe0, L_0x560470513110, C4<0>, C4<0>;
L_0x560470512dd0 .functor AND 1, L_0x560470512d30, L_0x560470512700, C4<1>, C4<1>;
L_0x560470512e90 .functor OR 1, L_0x560470512c70, L_0x560470512dd0, C4<0>, C4<0>;
v0x56047050cf60_0 .net *"_s0", 0 0, L_0x560470512ab0;  1 drivers
v0x56047050d040_0 .net *"_s4", 0 0, L_0x560470512c70;  1 drivers
v0x56047050d120_0 .net *"_s6", 0 0, L_0x560470512d30;  1 drivers
v0x56047050d1e0_0 .net *"_s8", 0 0, L_0x560470512dd0;  1 drivers
v0x56047050d2c0_0 .net "a", 0 0, L_0x560470512fe0;  1 drivers
v0x56047050d3d0_0 .net "b", 0 0, L_0x560470513110;  1 drivers
v0x56047050d490_0 .net "carry_in", 0 0, L_0x560470512700;  alias, 1 drivers
v0x56047050d530_0 .net "carry_out", 0 0, L_0x560470512e90;  alias, 1 drivers
v0x56047050d5d0_0 .net "sum", 0 0, L_0x560470512b20;  1 drivers
S_0x56047050d730 .scope module, "adder2" "adder" 2 23, 2 2 0, S_0x5604704eec20;
 .timescale 0 0;
    .port_info 0 /INPUT 1 "a"
    .port_info 1 /INPUT 1 "b"
    .port_info 2 /INPUT 1 "carry_in"
    .port_info 3 /OUTPUT 1 "sum"
    .port_info 4 /OUTPUT 1 "carry_out"
L_0x560470513270 .functor XOR 1, L_0x560470513700, L_0x5604705138c0, C4<0>, C4<0>;
L_0x5604705132e0 .functor XOR 1, L_0x560470513270, L_0x560470512e90, C4<0>, C4<0>;
L_0x5604705133e0 .functor AND 1, L_0x560470513700, L_0x5604705138c0, C4<1>, C4<1>;
L_0x560470513450 .functor XOR 1, L_0x560470513700, L_0x5604705138c0, C4<0>, C4<0>;
L_0x5604705134f0 .functor AND 1, L_0x560470513450, L_0x560470512e90, C4<1>, C4<1>;
L_0x5604705135b0 .functor OR 1, L_0x5604705133e0, L_0x5604705134f0, C4<0>, C4<0>;
v0x56047050d8b0_0 .net *"_s0", 0 0, L_0x560470513270;  1 drivers
v0x56047050d990_0 .net *"_s4", 0 0, L_0x5604705133e0;  1 drivers
v0x56047050da70_0 .net *"_s6", 0 0, L_0x560470513450;  1 drivers
v0x56047050db60_0 .net *"_s8", 0 0, L_0x5604705134f0;  1 drivers
v0x56047050dc40_0 .net "a", 0 0, L_0x560470513700;  1 drivers
v0x56047050dd50_0 .net "b", 0 0, L_0x5604705138c0;  1 drivers
v0x56047050de10_0 .net "carry_in", 0 0, L_0x560470512e90;  alias, 1 drivers
v0x56047050deb0_0 .net "carry_out", 0 0, L_0x5604705135b0;  alias, 1 drivers
v0x56047050df50_0 .net "sum", 0 0, L_0x5604705132e0;  1 drivers
S_0x56047050e170 .scope module, "adder3" "adder" 2 24, 2 2 0, S_0x5604704eec20;
 .timescale 0 0;
    .port_info 0 /INPUT 1 "a"
    .port_info 1 /INPUT 1 "b"
    .port_info 2 /INPUT 1 "carry_in"
    .port_info 3 /OUTPUT 1 "sum"
    .port_info 4 /OUTPUT 1 "carry_out"
L_0x560470513ac0 .functor XOR 1, L_0x560470513e80, L_0x560470513fb0, C4<0>, C4<0>;
L_0x560470513b30 .functor XOR 1, L_0x560470513ac0, L_0x5604705135b0, C4<0>, C4<0>;
L_0x560470513c30 .functor AND 1, L_0x560470513e80, L_0x560470513fb0, C4<1>, C4<1>;
L_0x560470513ca0 .functor XOR 1, L_0x560470513e80, L_0x560470513fb0, C4<0>, C4<0>;
L_0x560470513d10 .functor AND 1, L_0x560470513ca0, L_0x5604705135b0, C4<1>, C4<1>;
L_0x560470513d80 .functor OR 1, L_0x560470513c30, L_0x560470513d10, C4<0>, C4<0>;
v0x56047050e2f0_0 .net *"_s0", 0 0, L_0x560470513ac0;  1 drivers
v0x56047050e3f0_0 .net *"_s4", 0 0, L_0x560470513c30;  1 drivers
v0x56047050e4d0_0 .net *"_s6", 0 0, L_0x560470513ca0;  1 drivers
v0x56047050e5c0_0 .net *"_s8", 0 0, L_0x560470513d10;  1 drivers
v0x56047050e6a0_0 .net "a", 0 0, L_0x560470513e80;  1 drivers
v0x56047050e7b0_0 .net "b", 0 0, L_0x560470513fb0;  1 drivers
v0x56047050e870_0 .net "carry_in", 0 0, L_0x5604705135b0;  alias, 1 drivers
v0x56047050e910_0 .net "carry_out", 0 0, L_0x560470513d80;  alias, 1 drivers
v0x56047050e9b0_0 .net "sum", 0 0, L_0x560470513b30;  1 drivers
S_0x56047050ebd0 .scope module, "adder4" "adder" 2 25, 2 2 0, S_0x5604704eec20;
 .timescale 0 0;
    .port_info 0 /INPUT 1 "a"
    .port_info 1 /INPUT 1 "b"
    .port_info 2 /INPUT 1 "carry_in"
    .port_info 3 /OUTPUT 1 "sum"
    .port_info 4 /OUTPUT 1 "carry_out"
L_0x560470514130 .functor XOR 1, L_0x5604705145c0, L_0x5604705146f0, C4<0>, C4<0>;
L_0x5604705141a0 .functor XOR 1, L_0x560470514130, L_0x560470513d80, C4<0>, C4<0>;
L_0x5604705142a0 .functor AND 1, L_0x5604705145c0, L_0x5604705146f0, C4<1>, C4<1>;
L_0x560470514310 .functor XOR 1, L_0x5604705145c0, L_0x5604705146f0, C4<0>, C4<0>;
L_0x5604705143b0 .functor AND 1, L_0x560470514310, L_0x560470513d80, C4<1>, C4<1>;
L_0x560470514470 .functor OR 1, L_0x5604705142a0, L_0x5604705143b0, C4<0>, C4<0>;
v0x56047050eda0_0 .net *"_s0", 0 0, L_0x560470514130;  1 drivers
v0x56047050eea0_0 .net *"_s4", 0 0, L_0x5604705142a0;  1 drivers
v0x56047050ef80_0 .net *"_s6", 0 0, L_0x560470514310;  1 drivers
v0x56047050f040_0 .net *"_s8", 0 0, L_0x5604705143b0;  1 drivers
v0x56047050f120_0 .net "a", 0 0, L_0x5604705145c0;  1 drivers
v0x56047050f230_0 .net "b", 0 0, L_0x5604705146f0;  1 drivers
v0x56047050f2f0_0 .net "carry_in", 0 0, L_0x560470513d80;  alias, 1 drivers
v0x56047050f390_0 .net "carry_out", 0 0, L_0x560470514470;  alias, 1 drivers
v0x56047050f430_0 .net "sum", 0 0, L_0x5604705141a0;  1 drivers
S_0x56047050f650 .scope module, "adder5" "adder" 2 26, 2 2 0, S_0x5604704eec20;
 .timescale 0 0;
    .port_info 0 /INPUT 1 "a"
    .port_info 1 /INPUT 1 "b"
    .port_info 2 /INPUT 1 "carry_in"
    .port_info 3 /OUTPUT 1 "sum"
    .port_info 4 /OUTPUT 1 "carry_out"
L_0x560470514880 .functor XOR 1, L_0x560470514cc0, L_0x560470514df0, C4<0>, C4<0>;
L_0x5604705148f0 .functor XOR 1, L_0x560470514880, L_0x560470514470, C4<0>, C4<0>;
L_0x5604705149f0 .functor AND 1, L_0x560470514cc0, L_0x560470514df0, C4<1>, C4<1>;
L_0x560470514a60 .functor XOR 1, L_0x560470514cc0, L_0x560470514df0, C4<0>, C4<0>;
L_0x560470514b00 .functor AND 1, L_0x560470514a60, L_0x560470514470, C4<1>, C4<1>;
L_0x560470514b70 .functor OR 1, L_0x5604705149f0, L_0x560470514b00, C4<0>, C4<0>;
v0x56047050f850_0 .net *"_s0", 0 0, L_0x560470514880;  1 drivers
v0x56047050f950_0 .net *"_s4", 0 0, L_0x5604705149f0;  1 drivers
v0x56047050fa30_0 .net *"_s6", 0 0, L_0x560470514a60;  1 drivers
v0x56047050fb20_0 .net *"_s8", 0 0, L_0x560470514b00;  1 drivers
v0x56047050fc00_0 .net "a", 0 0, L_0x560470514cc0;  1 drivers
v0x56047050fd10_0 .net "b", 0 0, L_0x560470514df0;  1 drivers
v0x56047050fdd0_0 .net "carry_in", 0 0, L_0x560470514470;  alias, 1 drivers
v0x56047050fe70_0 .net "carry_out", 0 0, L_0x560470514b70;  alias, 1 drivers
v0x56047050ff10_0 .net "sum", 0 0, L_0x5604705148f0;  1 drivers
S_0x560470510130 .scope module, "adder6" "adder" 2 27, 2 2 0, S_0x5604704eec20;
 .timescale 0 0;
    .port_info 0 /INPUT 1 "a"
    .port_info 1 /INPUT 1 "b"
    .port_info 2 /INPUT 1 "carry_in"
    .port_info 3 /OUTPUT 1 "sum"
    .port_info 4 /OUTPUT 1 "carry_out"
L_0x560470514f90 .functor XOR 1, L_0x560470515420, L_0x560470515550, C4<0>, C4<0>;
L_0x560470515000 .functor XOR 1, L_0x560470514f90, L_0x560470514b70, C4<0>, C4<0>;
L_0x560470515100 .functor AND 1, L_0x560470515420, L_0x560470515550, C4<1>, C4<1>;
L_0x560470515170 .functor XOR 1, L_0x560470515420, L_0x560470515550, C4<0>, C4<0>;
L_0x560470515210 .functor AND 1, L_0x560470515170, L_0x560470514b70, C4<1>, C4<1>;
L_0x5604705152d0 .functor OR 1, L_0x560470515100, L_0x560470515210, C4<0>, C4<0>;
v0x560470510330_0 .net *"_s0", 0 0, L_0x560470514f90;  1 drivers
v0x560470510430_0 .net *"_s4", 0 0, L_0x560470515100;  1 drivers
v0x560470510510_0 .net *"_s6", 0 0, L_0x560470515170;  1 drivers
v0x560470510600_0 .net *"_s8", 0 0, L_0x560470515210;  1 drivers
v0x5604705106e0_0 .net "a", 0 0, L_0x560470515420;  1 drivers
v0x5604705107f0_0 .net "b", 0 0, L_0x560470515550;  1 drivers
v0x5604705108b0_0 .net "carry_in", 0 0, L_0x560470514b70;  alias, 1 drivers
v0x560470510950_0 .net "carry_out", 0 0, L_0x5604705152d0;  alias, 1 drivers
v0x5604705109f0_0 .net "sum", 0 0, L_0x560470515000;  1 drivers
S_0x560470510c10 .scope module, "adder7" "adder" 2 28, 2 2 0, S_0x5604704eec20;
 .timescale 0 0;
    .port_info 0 /INPUT 1 "a"
    .port_info 1 /INPUT 1 "b"
    .port_info 2 /INPUT 1 "carry_in"
    .port_info 3 /OUTPUT 1 "sum"
    .port_info 4 /OUTPUT 1 "carry_out"
L_0x560470514f20 .functor XOR 1, L_0x560470515a00, L_0x560470515b30, C4<0>, C4<0>;
L_0x560470515670 .functor XOR 1, L_0x560470514f20, L_0x5604705152d0, C4<0>, C4<0>;
L_0x5604705156e0 .functor AND 1, L_0x560470515a00, L_0x560470515b30, C4<1>, C4<1>;
L_0x560470515750 .functor XOR 1, L_0x560470515a00, L_0x560470515b30, C4<0>, C4<0>;
L_0x5604705157f0 .functor AND 1, L_0x560470515750, L_0x5604705152d0, C4<1>, C4<1>;
L_0x5604705158b0 .functor OR 1, L_0x5604705156e0, L_0x5604705157f0, C4<0>, C4<0>;
v0x560470510e10_0 .net *"_s0", 0 0, L_0x560470514f20;  1 drivers
v0x560470510f10_0 .net *"_s4", 0 0, L_0x5604705156e0;  1 drivers
v0x560470510ff0_0 .net *"_s6", 0 0, L_0x560470515750;  1 drivers
v0x5604705110e0_0 .net *"_s8", 0 0, L_0x5604705157f0;  1 drivers
v0x5604705111c0_0 .net "a", 0 0, L_0x560470515a00;  1 drivers
v0x5604705112d0_0 .net "b", 0 0, L_0x560470515b30;  1 drivers
v0x560470511390_0 .net "carry_in", 0 0, L_0x5604705152d0;  alias, 1 drivers
v0x560470511430_0 .net "carry_out", 0 0, L_0x5604705158b0;  1 drivers
v0x5604705114d0_0 .net "sum", 0 0, L_0x560470515670;  1 drivers
    .scope S_0x5604704d60e0;
T_0 ;
    %pushi/vec4 35, 0, 8;
    %store/vec4 v0x5604705120e0_0, 0, 8;
    %pushi/vec4 62, 0, 8;
    %store/vec4 v0x5604705121a0_0, 0, 8;
    %delay 1, 0;
    %vpi_call 2 41 "$display", "a =%d, b =%d, sum =%d", v0x5604705120e0_0, v0x5604705121a0_0, v0x560470512240_0 {0 0 0};
    %pushi/vec4 10, 0, 8;
    %store/vec4 v0x5604705120e0_0, 0, 8;
    %pushi/vec4 16, 0, 8;
    %store/vec4 v0x5604705121a0_0, 0, 8;
    %delay 1, 0;
    %vpi_call 2 42 "$display", "a =%d, b =%d, sum =%d", v0x5604705120e0_0, v0x5604705121a0_0, v0x560470512240_0 {0 0 0};
    %pushi/vec4 19, 0, 8;
    %store/vec4 v0x5604705120e0_0, 0, 8;
    %pushi/vec4 14, 0, 8;
    %store/vec4 v0x5604705121a0_0, 0, 8;
    %delay 1, 0;
    %vpi_call 2 43 "$display", "a =%d, b =%d, sum =%d", v0x5604705120e0_0, v0x5604705121a0_0, v0x560470512240_0 {0 0 0};
    %end;
    .thread T_0;
# The file index is used to find the file name in the following table.
:file_names 3;
    "N/A";
    "<interactive>";
    "adder.v";
