#! /usr/bin/vvp
:ivl_version "10.3 (stable)";
:ivl_delay_selection "TYPICAL";
:vpi_time_precision - 10;
:vpi_module "system";
:vpi_module "vhdl_sys";
:vpi_module "v2005_math";
:vpi_module "va_math";
S_0x558028ce1780 .scope module, "testbench" "testbench" 2 13;
 .timescale -9 -10;
v0x558028cf1810_0 .var "in_1", 0 0;
v0x558028cf18e0_0 .var "in_2", 0 0;
v0x558028cf19b0_0 .net "out", 0 0, L_0x558028cf1ab0;  1 drivers
S_0x558028ce1900 .scope module, "kon" "kon" 2 27, 2 1 0, S_0x558028ce1780;
 .timescale 0 0;
    .port_info 0 /INPUT 1 "in_1"
    .port_info 1 /INPUT 1 "in_2"
    .port_info 2 /OUTPUT 1 "out"
L_0x558028cf1ab0 .functor AND 1, v0x558028cf1810_0, v0x558028cf18e0_0, C4<1>, C4<1>;
v0x558028cac080_0 .net "in_1", 0 0, v0x558028cf1810_0;  1 drivers
v0x558028cf1630_0 .net "in_2", 0 0, v0x558028cf18e0_0;  1 drivers
v0x558028cf16f0_0 .net "out", 0 0, L_0x558028cf1ab0;  alias, 1 drivers
    .scope S_0x558028ce1780;
T_0 ;
    %pushi/vec4 0, 0, 1;
    %store/vec4 v0x558028cf1810_0, 0, 1;
    %pushi/vec4 0, 0, 1;
    %store/vec4 v0x558028cf18e0_0, 0, 1;
    %end;
    .thread T_0;
    .scope S_0x558028ce1780;
T_1 ;
    %delay 10, 0;
    %load/vec4 v0x558028cf1810_0;
    %inv;
    %store/vec4 v0x558028cf1810_0, 0, 1;
    %jmp T_1;
    .thread T_1;
    .scope S_0x558028ce1780;
T_2 ;
    %delay 20, 0;
    %load/vec4 v0x558028cf18e0_0;
    %inv;
    %store/vec4 v0x558028cf18e0_0, 0, 1;
    %jmp T_2;
    .thread T_2;
    .scope S_0x558028ce1780;
T_3 ;
    %vpi_call 2 30 "$dumpvars" {0 0 0};
    %vpi_call 2 31 "$display", "Test started..." {0 0 0};
    %delay 1000, 0;
    %vpi_call 2 32 "$finish" {0 0 0};
    %end;
    .thread T_3;
# The file index is used to find the file name in the following table.
:file_names 3;
    "N/A";
    "<interactive>";
    "kon.v";
